<?xml version="1.0" encoding="UTF-8"?>
<!-- Generated by org.testng.reporters.JUnitReportReporter -->
<testsuite hostname="DESKTOP-N7864VM" failures="0" tests="1" name="com.simplilearn.testng.FlipKartDemo" time="22.977" errors="0" timestamp="2022-10-18T02:37:08 IST" skipped="0">
  <testcase classname="com.simplilearn.testng.FlipKartDemo" name="flipkart" time="22.977"/>
  <system-out/>
</testsuite> <!-- com.simplilearn.testng.FlipKartDemo -->
