<?xml version="1.0" encoding="UTF-8"?>
<!-- Generated by org.testng.reporters.JUnitReportReporter -->
<testsuite hostname="LAPTOP-29KQP31O" failures="0" tests="1" name="com.simplilearn.testng.FlipKartDemo" time="38.510" errors="0" timestamp="2022-10-11T08:41:43 IST" skipped="0">
  <testcase classname="com.simplilearn.testng.FlipKartDemo" name="flipkart" time="38.510"/>
  <system-out/>
</testsuite> <!-- com.simplilearn.testng.FlipKartDemo -->
